node:events:485
      throw er; // Unhandled 'error' event
      ^

Error: listen EADDRINUSE: address already in use :::3000
    at Server.setupListenHandle [as _listen2] (node:net:1912:16)
    at listenInCluster (node:net:1969:12)
    at Server.listen (node:net:2074:7)
    at Object.<anonymous> (/Users/karimmeguenni-tani/Documents/BabyFlix/server.js:28:8)
    at Module._compile (node:internal/modules/cjs/loader:1550:14)
    at Object..js (node:internal/modules/cjs/loader:1702:10)
    at Module.load (node:internal/modules/cjs/loader:1307:32)
    at Function._load (node:internal/modules/cjs/loader:1121:12)
    at TracingChannel.traceSync (node:diagnostics_channel:322:14)
    at wrapModuleLoad (node:internal/modules/cjs/loader:219:24)
Emitted 'error' event on Server instance at:
    at emitErrorNT (node:net:1948:8)
    at process.processTicksAndRejections (node:internal/process/task_queues:90:21) {
  code: 'EADDRINUSE',
  errno: -48,
  syscall: 'listen',
  address: '::',
  port: 3000
}

Node.js v23.2.0
